#
# A fatal error has been detected by the Java Runtime Environment:
#
#  EXCEPTION_ACCESS_VIOLATION (0xc0000005) at pc=0x0000000000000000, pid=10612, tid=13908
#
# JRE version: Java(TM) SE Runtime Environment (8.0_25-b18) (build 1.8.0_25-b18)
# Java VM: Java HotSpot(TM) 64-Bit Server VM (25.25-b02 mixed mode windows-amd64 compressed oops)
# Problematic frame:
# C  0x0000000000000000
#
# Failed to write core dump. Minidumps are not enabled by default on client versions of Windows
#
# If you would like to submit a bug report, please visit:
#   http://bugreport.sun.com/bugreport/crash.jsp
#

---------------  T H R E A D  ---------------

Current thread (0x0000000017ce0800):  JavaThread "AWT-EventQueue-0" [_thread_in_Java, id=13908, stack(0x0000000018e50000,0x0000000018f50000)]

siginfo: ExceptionCode=0xc0000005, ExceptionInformation=0x0000000000000008 0x0000000000000000

Registers:
RAX=0x00000000028a77b0, RBX=0x0000000015af8a88, RCX=0x0000000015b66670, RDX=0x00000000028a77b0
RSP=0x0000000018f4aae0, RBP=0x0000000018f4ab58, RSI=0x0000000000000006, RDI=0x0000000000000000
R8 =0x0000000000000006, R9 =0x00000000a29b5070, R10=0x0000000064a36260, R11=0x0000000011e57925
R12=0x0000000000000000, R13=0x0000000018f4aae0, R14=0x0000000018f4aba0, R15=0x0000000017ce0800
RIP=0x0000000000000000, EFLAGS=0x0000000000010206

Top of Stack: (sp=0x0000000018f4aae0)
0x0000000018f4aae0:   00000000028a77b0 00000000a2974df0
0x0000000018f4aaf0:   00000000e1524760 00000000a2974dc8
0x0000000018f4ab00:   00000000e1524830 00000000e15247a0
0x0000000018f4ab10:   00000000e1524968 0000000018f4ab18
0x0000000018f4ab20:   0000000015b665f4 0000000018f4aba0
0x0000000018f4ab30:   0000000015b66670 0000000000000000
0x0000000018f4ab40:   0000000015b66600 0000000018f4aae0
0x0000000018f4ab50:   0000000018f4ab70 0000000018f4abe8
0x0000000018f4ab60:   00000000028a77b0 00000000a29dd2f0
0x0000000018f4ab70:   00000000a2974df0 00000000e1524760
0x0000000018f4ab80:   00000000a2974dc8 00000000e1524830
0x0000000018f4ab90:   00000000e15247a0 00000000e1524968
0x0000000018f4aba0:   00000000a29dd470 0000000018f4aba8
0x0000000018f4abb0:   0000000015b9d5a3 0000000018f4ac00
0x0000000018f4abc0:   0000000015b9d620 0000000000000000
0x0000000018f4abd0:   0000000015b9d5b0 0000000018f4ab70 

Instructions: (pc=0x0000000000000000)
0xffffffffffffffe0:   


Register to memory mapping:

RAX=0x00000000028a77b0 is at code_begin+1456 in an Interpreter codelet
invoke return entry points  [0x00000000028a7200, 0x00000000028a7b00]  2304 bytes
RBX=0x0000000015af8a88 is pointing into metadata
RCX=0x0000000015b66670 is pointing into metadata
RDX=0x00000000028a77b0 is at code_begin+1456 in an Interpreter codelet
invoke return entry points  [0x00000000028a7200, 0x00000000028a7b00]  2304 bytes
RSP=0x0000000018f4aae0 is pointing into the stack for thread: 0x0000000017ce0800
RBP=0x0000000018f4ab58 is pointing into the stack for thread: 0x0000000017ce0800
RSI=0x0000000000000006 is an unknown value
RDI=0x0000000000000000 is an unknown value
R8 =0x0000000000000006 is an unknown value
R9 =0x00000000a29b5070 is an oop
java.lang.Class 
 - klass: 'java/lang/Class'
R10=0x0000000064a36260 is an unknown value
R11=0x0000000011e57925 is an unknown value
R12=0x0000000000000000 is an unknown value
R13=0x0000000018f4aae0 is pointing into the stack for thread: 0x0000000017ce0800
R14=0x0000000018f4aba0 is pointing into the stack for thread: 0x0000000017ce0800
R15=0x0000000017ce0800 is a thread


Stack: [0x0000000018e50000,0x0000000018f50000],  sp=0x0000000018f4aae0,  free space=1002k
Native frames: (J=compiled Java code, j=interpreted, Vv=VM code, C=native code)


---------------  P R O C E S S  ---------------

Java Threads: ( => current thread )
  0x0000000017c80000 JavaThread "Image Fetcher 0" daemon [_thread_blocked, id=7468, stack(0x000000001c3b0000,0x000000001c4b0000)]
  0x0000000017c83000 JavaThread "Abandoned connection cleanup thread" daemon [_thread_blocked, id=10172, stack(0x000000001beb0000,0x000000001bfb0000)]
  0x0000000017c4e000 JavaThread "*** Profiler Agent Special Execution Thread 6" daemon [_thread_blocked, id=6248, stack(0x00000000184e0000,0x00000000185e0000)]
  0x0000000017a4b800 JavaThread "*** JFluid Monitor thread ***" daemon [_thread_blocked, id=11020, stack(0x0000000000d50000,0x0000000000e50000)]
  0x0000000017a4a800 JavaThread "*** Profiler Agent Communication Thread" daemon [_thread_in_native, id=11504, stack(0x0000000000c50000,0x0000000000d50000)]
  0x000000001adc9000 JavaThread "D3D Screen Updater" daemon [_thread_blocked, id=13544, stack(0x000000001c0b0000,0x000000001c1b0000)]
  0x000000001ad55800 JavaThread "TimerQueue" daemon [_thread_blocked, id=11140, stack(0x000000001b6f0000,0x000000001b7f0000)]
  0x000000000260d800 JavaThread "DestroyJavaVM" [_thread_blocked, id=7244, stack(0x00000000026a0000,0x00000000027a0000)]
=>0x0000000017ce0800 JavaThread "AWT-EventQueue-0" [_thread_in_Java, id=13908, stack(0x0000000018e50000,0x0000000018f50000)]
  0x0000000017cbb800 JavaThread "AWT-Windows" daemon [_thread_in_native, id=6356, stack(0x0000000018200000,0x0000000018300000)]
  0x0000000017cb6800 JavaThread "AWT-Shutdown" [_thread_blocked, id=9716, stack(0x0000000018100000,0x0000000018200000)]
  0x0000000017c91800 JavaThread "Java2D Disposer" daemon [_thread_blocked, id=8876, stack(0x0000000018000000,0x0000000018100000)]
  0x0000000017934800 JavaThread "Service Thread" daemon [_thread_blocked, id=7700, stack(0x0000000017d20000,0x0000000017e20000)]
  0x0000000016104000 JavaThread "C1 CompilerThread2" daemon [_thread_blocked, id=12172, stack(0x0000000017820000,0x0000000017920000)]
  0x00000000160f6000 JavaThread "C2 CompilerThread1" daemon [_thread_blocked, id=4456, stack(0x0000000017720000,0x0000000017820000)]
  0x00000000160ad800 JavaThread "C2 CompilerThread0" daemon [_thread_blocked, id=6060, stack(0x0000000017620000,0x0000000017720000)]
  0x00000000160ab800 JavaThread "Attach Listener" daemon [_thread_blocked, id=8576, stack(0x0000000017520000,0x0000000017620000)]
  0x00000000160aa800 JavaThread "Signal Dispatcher" daemon [_thread_blocked, id=7936, stack(0x0000000017420000,0x0000000017520000)]
  0x0000000002895000 JavaThread "Finalizer" daemon [_thread_blocked, id=13648, stack(0x0000000017320000,0x0000000017420000)]
  0x0000000016078000 JavaThread "Reference Handler" daemon [_thread_blocked, id=9292, stack(0x0000000017220000,0x0000000017320000)]

Other Threads:
  0x0000000016076000 VMThread [stack: 0x0000000017120000,0x0000000017220000] [id=11512]
  0x0000000017938000 WatcherThread [stack: 0x0000000017e20000,0x0000000017f20000] [id=13844]

VM state:not at safepoint (normal execution)

VM Mutex/Monitor currently owned by a thread: None

Heap:
 PSYoungGen      total 28160K, used 8429K [0x00000000e0d00000, 0x00000000e2c00000, 0x0000000100000000)
  eden space 24576K, 34% used [0x00000000e0d00000,0x00000000e153b7f8,0x00000000e2500000)
  from space 3584K, 0% used [0x00000000e2880000,0x00000000e2880000,0x00000000e2c00000)
  to   space 3584K, 0% used [0x00000000e2500000,0x00000000e2500000,0x00000000e2880000)
 ParOldGen       total 38912K, used 5451K [0x00000000a2600000, 0x00000000a4c00000, 0x00000000e0d00000)
  object space 38912K, 14% used [0x00000000a2600000,0x00000000a2b52e18,0x00000000a4c00000)
 Metaspace       used 35328K, capacity 35474K, committed 35712K, reserved 1081344K
  class space    used 3093K, capacity 3149K, committed 3200K, reserved 1048576K

Card table byte_map: [0x0000000011c60000,0x0000000011f50000] byte_map_base: 0x000000001174d000

Marking Bits: (ParMarkBitMap*) 0x0000000064a4d490
 Begin Bits: [0x0000000012550000, 0x0000000013cb8000)
 End Bits:   [0x0000000013cb8000, 0x0000000015420000)

Polling page: 0x00000000025b0000

CodeCache: size=245760Kb used=4299Kb max_used=4542Kb free=241460Kb
 bounds [0x00000000028a0000, 0x0000000002d40000, 0x00000000118a0000]
 total_blobs=1869 nmethods=1267 adapters=515
 compilation: enabled

Compilation events (10 events):
Event: 1043.300 Thread 0x0000000016104000 2377       3       sun.net.www.protocol.jar.Handler::indexOfBangSlash (52 bytes)
Event: 1043.301 Thread 0x0000000016104000 nmethod 2377 0x0000000002b95090 code [0x0000000002b95220, 0x0000000002b957f8]
Event: 1043.301 Thread 0x0000000016104000 2378       3       sun.net.www.ParseUtil::canonizeString (211 bytes)
Event: 1043.310 Thread 0x0000000016104000 nmethod 2378 0x0000000002b91550 code [0x0000000002b91960, 0x0000000002b93f48]
Event: 1043.310 Thread 0x0000000016104000 2379       3       java.net.URLStreamHandler::setURL (167 bytes)
Event: 1043.311 Thread 0x0000000016104000 nmethod 2379 0x0000000002b8f4d0 code [0x0000000002b8f780, 0x0000000002b90bd8]
Event: 1043.335 Thread 0x00000000160f6000 2380       4       java.lang.String::replace (143 bytes)
Event: 1043.348 Thread 0x0000000016104000 2381   !   3       java.lang.ref.ReferenceQueue::remove (88 bytes)
Event: 1043.349 Thread 0x0000000016104000 nmethod 2381 0x0000000002b8e8d0 code [0x0000000002b8eaa0, 0x0000000002b8f1e8]
Event: 1043.361 Thread 0x00000000160f6000 nmethod 2380 0x0000000002b8af50 code [0x0000000002b8b0c0, 0x0000000002b8b598]

GC Heap History (10 events):
Event: 993.584 GC heap before
{Heap before GC invocations=2 (full 0):
 PSYoungGen      total 28160K, used 18530K [0x00000000e0d00000, 0x00000000e2c00000, 0x0000000100000000)
  eden space 24576K, 60% used [0x00000000e0d00000,0x00000000e1b991d8,0x00000000e2500000)
  from space 3584K, 99% used [0x00000000e2500000,0x00000000e287f6c0,0x00000000e2880000)
  to   space 3584K, 0% used [0x00000000e2880000,0x00000000e2880000,0x00000000e2c00000)
 ParOldGen       total 64512K, used 518K [0x00000000a2600000, 0x00000000a6500000, 0x00000000e0d00000)
  object space 64512K, 0% used [0x00000000a2600000,0x00000000a2681be0,0x00000000a6500000)
 Metaspace       used 20908K, capacity 21006K, committed 21296K, reserved 1069056K
  class space    used 2274K, capacity 2317K, committed 2432K, reserved 1048576K
Event: 993.589 GC heap after
Heap after GC invocations=2 (full 0):
 PSYoungGen      total 28160K, used 3563K [0x00000000e0d00000, 0x00000000e2c00000, 0x0000000100000000)
  eden space 24576K, 0% used [0x00000000e0d00000,0x00000000e0d00000,0x00000000e2500000)
  from space 3584K, 99% used [0x00000000e2880000,0x00000000e2bfad98,0x00000000e2c00000)
  to   space 3584K, 0% used [0x00000000e2500000,0x00000000e2500000,0x00000000e2880000)
 ParOldGen       total 64512K, used 8556K [0x00000000a2600000, 0x00000000a6500000, 0x00000000e0d00000)
  object space 64512K, 13% used [0x00000000a2600000,0x00000000a2e5b0e0,0x00000000a6500000)
 Metaspace       used 20908K, capacity 21006K, committed 21296K, reserved 1069056K
  class space    used 2274K, capacity 2317K, committed 2432K, reserved 1048576K
}
Event: 993.589 GC heap before
{Heap before GC invocations=3 (full 1):
 PSYoungGen      total 28160K, used 3563K [0x00000000e0d00000, 0x00000000e2c00000, 0x0000000100000000)
  eden space 24576K, 0% used [0x00000000e0d00000,0x00000000e0d00000,0x00000000e2500000)
  from space 3584K, 99% used [0x00000000e2880000,0x00000000e2bfad98,0x00000000e2c00000)
  to   space 3584K, 0% used [0x00000000e2500000,0x00000000e2500000,0x00000000e2880000)
 ParOldGen       total 64512K, used 8556K [0x00000000a2600000, 0x00000000a6500000, 0x00000000e0d00000)
  object space 64512K, 13% used [0x00000000a2600000,0x00000000a2e5b0e0,0x00000000a6500000)
 Metaspace       used 20908K, capacity 21006K, committed 21296K, reserved 1069056K
  class space    used 2274K, capacity 2317K, committed 2432K, reserved 1048576K
Event: 993.628 GC heap after
Heap after GC invocations=3 (full 1):
 PSYoungGen      total 28160K, used 0K [0x00000000e0d00000, 0x00000000e2c00000, 0x0000000100000000)
  eden space 24576K, 0% used [0x00000000e0d00000,0x00000000e0d00000,0x00000000e2500000)
  from space 3584K, 0% used [0x00000000e2880000,0x00000000e2880000,0x00000000e2c00000)
  to   space 3584K, 0% used [0x00000000e2500000,0x00000000e2500000,0x00000000e2880000)
 ParOldGen       total 46592K, used 11666K [0x00000000a2600000, 0x00000000a5380000, 0x00000000e0d00000)
  object space 46592K, 25% used [0x00000000a2600000,0x00000000a3164b50,0x00000000a5380000)
 Metaspace       used 20907K, capacity 21004K, committed 21296K, reserved 1069056K
  class space    used 2273K, capacity 2316K, committed 2432K, reserved 1048576K
}
Event: 1040.292 GC heap before
{Heap before GC invocations=4 (full 1):
 PSYoungGen      total 28160K, used 24576K [0x00000000e0d00000, 0x00000000e2c00000, 0x0000000100000000)
  eden space 24576K, 100% used [0x00000000e0d00000,0x00000000e2500000,0x00000000e2500000)
  from space 3584K, 0% used [0x00000000e2880000,0x00000000e2880000,0x00000000e2c00000)
  to   space 3584K, 0% used [0x00000000e2500000,0x00000000e2500000,0x00000000e2880000)
 ParOldGen       total 46592K, used 11666K [0x00000000a2600000, 0x00000000a5380000, 0x00000000e0d00000)
  object space 46592K, 25% used [0x00000000a2600000,0x00000000a3164b50,0x00000000a5380000)
 Metaspace       used 33648K, capacity 33842K, committed 34048K, reserved 1081344K
  class space    used 2996K, capacity 3053K, committed 3072K, reserved 1048576K
Event: 1040.294 GC heap after
Heap after GC invocations=4 (full 1):
 PSYoungGen      total 28160K, used 1482K [0x00000000e0d00000, 0x00000000e2c00000, 0x0000000100000000)
  eden space 24576K, 0% used [0x00000000e0d00000,0x00000000e0d00000,0x00000000e2500000)
  from space 3584K, 41% used [0x00000000e2500000,0x00000000e26728a0,0x00000000e2880000)
  to   space 3584K, 0% used [0x00000000e2880000,0x00000000e2880000,0x00000000e2c00000)
 ParOldGen       total 46592K, used 11674K [0x00000000a2600000, 0x00000000a5380000, 0x00000000e0d00000)
  object space 46592K, 25% used [0x00000000a2600000,0x00000000a3166b50,0x00000000a5380000)
 Metaspace       used 33648K, capacity 33842K, committed 34048K, reserved 1081344K
  class space    used 2996K, capacity 3053K, committed 3072K, reserved 1048576K
}
Event: 1040.873 GC heap before
{Heap before GC invocations=5 (full 1):
 PSYoungGen      total 28160K, used 5221K [0x00000000e0d00000, 0x00000000e2c00000, 0x0000000100000000)
  eden space 24576K, 15% used [0x00000000e0d00000,0x00000000e10a6d78,0x00000000e2500000)
  from space 3584K, 41% used [0x00000000e2500000,0x00000000e26728a0,0x00000000e2880000)
  to   space 3584K, 0% used [0x00000000e2880000,0x00000000e2880000,0x00000000e2c00000)
 ParOldGen       total 46592K, used 11674K [0x00000000a2600000, 0x00000000a5380000, 0x00000000e0d00000)
  object space 46592K, 25% used [0x00000000a2600000,0x00000000a3166b50,0x00000000a5380000)
 Metaspace       used 35138K, capacity 35282K, committed 35456K, reserved 1081344K
  class space    used 3093K, capacity 3149K, committed 3200K, reserved 1048576K
Event: 1040.875 GC heap after
Heap after GC invocations=5 (full 1):
 PSYoungGen      total 28160K, used 1445K [0x00000000e0d00000, 0x00000000e2c00000, 0x0000000100000000)
  eden space 24576K, 0% used [0x00000000e0d00000,0x00000000e0d00000,0x00000000e2500000)
  from space 3584K, 40% used [0x00000000e2880000,0x00000000e29e9548,0x00000000e2c00000)
  to   space 3584K, 0% used [0x00000000e2500000,0x00000000e2500000,0x00000000e2880000)
 ParOldGen       total 46592K, used 11682K [0x00000000a2600000, 0x00000000a5380000, 0x00000000e0d00000)
  object space 46592K, 25% used [0x00000000a2600000,0x00000000a3168b50,0x00000000a5380000)
 Metaspace       used 35138K, capacity 35282K, committed 35456K, reserved 1081344K
  class space    used 3093K, capacity 3149K, committed 3200K, reserved 1048576K
}
Event: 1040.875 GC heap before
{Heap before GC invocations=6 (full 2):
 PSYoungGen      total 28160K, used 1445K [0x00000000e0d00000, 0x00000000e2c00000, 0x0000000100000000)
  eden space 24576K, 0% used [0x00000000e0d00000,0x00000000e0d00000,0x00000000e2500000)
  from space 3584K, 40% used [0x00000000e2880000,0x00000000e29e9548,0x00000000e2c00000)
  to   space 3584K, 0% used [0x00000000e2500000,0x00000000e2500000,0x00000000e2880000)
 ParOldGen       total 46592K, used 11682K [0x00000000a2600000, 0x00000000a5380000, 0x00000000e0d00000)
  object space 46592K, 25% used [0x00000000a2600000,0x00000000a3168b50,0x00000000a5380000)
 Metaspace       used 35138K, capacity 35282K, committed 35456K, reserved 1081344K
  class space    used 3093K, capacity 3149K, committed 3200K, reserved 1048576K
Event: 1040.915 GC heap after
Heap after GC invocations=6 (full 2):
 PSYoungGen      total 28160K, used 0K [0x00000000e0d00000, 0x00000000e2c00000, 0x0000000100000000)
  eden space 24576K, 0% used [0x00000000e0d00000,0x00000000e0d00000,0x00000000e2500000)
  from space 3584K, 0% used [0x00000000e2880000,0x00000000e2880000,0x00000000e2c00000)
  to   space 3584K, 0% used [0x00000000e2500000,0x00000000e2500000,0x00000000e2880000)
 ParOldGen       total 38912K, used 5451K [0x00000000a2600000, 0x00000000a4c00000, 0x00000000e0d00000)
  object space 38912K, 14% used [0x00000000a2600000,0x00000000a2b52e18,0x00000000a4c00000)
 Metaspace       used 35138K, capacity 35282K, committed 35456K, reserved 1081344K
  class space    used 3093K, capacity 3149K, committed 3200K, reserved 1048576K
}

Deoptimization events (10 events):
Event: 15.576 Thread 0x0000000017bf7800 Uncommon trap: reason=bimorphic action=maybe_recompile pc=0x0000000002ad7590 method=java.util.HashMap.getNode(ILjava/lang/Object;)Ljava/util/HashMap$Node; @ 126
Event: 15.576 Thread 0x0000000017bf7800 Uncommon trap: reason=bimorphic action=maybe_recompile pc=0x0000000002ad7590 method=java.util.HashMap.getNode(ILjava/lang/Object;)Ljava/util/HashMap$Node; @ 126
Event: 15.576 Thread 0x0000000017bf7800 Uncommon trap: reason=bimorphic action=maybe_recompile pc=0x0000000002ad7590 method=java.util.HashMap.getNode(ILjava/lang/Object;)Ljava/util/HashMap$Node; @ 126
Event: 15.576 Thread 0x0000000017bf7800 Uncommon trap: reason=bimorphic action=maybe_recompile pc=0x0000000002abae60 method=java.util.HashMap.getNode(ILjava/lang/Object;)Ljava/util/HashMap$Node; @ 126
Event: 990.047 Thread 0x0000000017a4b800 Uncommon trap: reason=unreached action=reinterpret pc=0x0000000002b35c20 method=org.netbeans.lib.profiler.server.Monitors$ThreadDataTable.getPosIndex(Ljava/lang/Thread;)I @ 29
Event: 990.047 Thread 0x0000000017a4b800 Uncommon trap: reason=unreached action=reinterpret pc=0x0000000002b2d980 method=org.netbeans.lib.profiler.server.Monitors$ThreadDataTable.getPosIndex(Ljava/lang/Thread;)I @ 29
Event: 1009.527 Thread 0x000000001adc9000 Uncommon trap: reason=unreached action=reinterpret pc=0x00000000029a0ee0 method=sun.java2d.StateTrackableDelegate$1.isCurrent()Z @ 8
Event: 1039.514 Thread 0x0000000017ce0800 Uncommon trap: reason=unreached action=reinterpret pc=0x00000000029c56b4 method=java.util.HashMap.getNode(ILjava/lang/Object;)Ljava/util/HashMap$Node; @ 6
Event: 1039.514 Thread 0x0000000017ce0800 Uncommon trap: reason=unreached action=reinterpret pc=0x0000000002ae6120 method=java.util.HashMap.getNode(ILjava/lang/Object;)Ljava/util/HashMap$Node; @ 6
Event: 1043.264 Thread 0x0000000017ce0800 Uncommon trap: reason=class_check action=maybe_recompile pc=0x0000000002a6b62c method=java.util.concurrent.locks.AbstractQueuedSynchronizer.release(I)Z @ 2

Internal exceptions (10 events):
Event: 1040.998 Thread 0x0000000017ce0800 Exception <a 'java/security/PrivilegedActionException'> (0x00000000e1070908) thrown at [D:\re\workspace\8-2-build-windows-amd64-cygwin\jdk8u25\1677\hotspot\src\share\vm\prims\jvm.cpp, line 1312]
Event: 1040.998 Thread 0x0000000017ce0800 Exception <a 'java/security/PrivilegedActionException'> (0x00000000e10736c0) thrown at [D:\re\workspace\8-2-build-windows-amd64-cygwin\jdk8u25\1677\hotspot\src\share\vm\prims\jvm.cpp, line 1312]
Event: 1041.001 Thread 0x0000000017ce0800 Exception <a 'java/security/PrivilegedActionException'> (0x00000000e107c1b8) thrown at [D:\re\workspace\8-2-build-windows-amd64-cygwin\jdk8u25\1677\hotspot\src\share\vm\prims\jvm.cpp, line 1312]
Event: 1041.001 Thread 0x0000000017ce0800 Exception <a 'java/security/PrivilegedActionException'> (0x00000000e107f840) thrown at [D:\re\workspace\8-2-build-windows-amd64-cygwin\jdk8u25\1677\hotspot\src\share\vm\prims\jvm.cpp, line 1312]
Event: 1041.013 Thread 0x0000000017ce0800 Exception <a 'java/security/PrivilegedActionException'> (0x00000000e1090670) thrown at [D:\re\workspace\8-2-build-windows-amd64-cygwin\jdk8u25\1677\hotspot\src\share\vm\prims\jvm.cpp, line 1312]
Event: 1041.015 Thread 0x0000000017ce0800 Exception <a 'java/security/PrivilegedActionException'> (0x00000000e1093e58) thrown at [D:\re\workspace\8-2-build-windows-amd64-cygwin\jdk8u25\1677\hotspot\src\share\vm\prims\jvm.cpp, line 1312]
Event: 1041.017 Thread 0x0000000017ce0800 Exception <a 'java/security/PrivilegedActionException'> (0x00000000e1097600) thrown at [D:\re\workspace\8-2-build-windows-amd64-cygwin\jdk8u25\1677\hotspot\src\share\vm\prims\jvm.cpp, line 1312]
Event: 1041.021 Thread 0x0000000017ce0800 Exception <a 'java/security/PrivilegedActionException'> (0x00000000e109adb8) thrown at [D:\re\workspace\8-2-build-windows-amd64-cygwin\jdk8u25\1677\hotspot\src\share\vm\prims\jvm.cpp, line 1312]
Event: 1041.032 Thread 0x0000000017ce0800 Exception <a 'java/security/PrivilegedActionException'> (0x00000000e10a2e18) thrown at [D:\re\workspace\8-2-build-windows-amd64-cygwin\jdk8u25\1677\hotspot\src\share\vm\prims\jvm.cpp, line 1312]
Event: 1042.697 Thread 0x0000000017ce0800 Exception <a 'java/security/PrivilegedActionException'> (0x00000000e11ee5e0) thrown at [D:\re\workspace\8-2-build-windows-amd64-cygwin\jdk8u25\1677\hotspot\src\share\vm\prims\jvm.cpp, line 1312]

Events (10 events):
Event: 1043.375 loading class java/util/concurrent/RunnableFuture done
Event: 1043.375 loading class java/util/concurrent/FutureTask done
Event: 1043.377 Executing VM operation: RedefineClasses
Event: 1043.384 Executing VM operation: RedefineClasses done
Event: 1043.385 loading class java/util/concurrent/FutureTask$WaitNode
Event: 1043.385 loading class java/util/concurrent/FutureTask$WaitNode done
Event: 1043.385 loading class java/util/concurrent/ThreadPoolExecutor$Worker
Event: 1043.385 loading class java/util/concurrent/ThreadPoolExecutor$Worker done
Event: 1043.386 loading class sun/awt/shell/Win32ShellFolderManager2$ComInvoker$3
Event: 1043.386 loading class sun/awt/shell/Win32ShellFolderManager2$ComInvoker$3 done


Dynamic libraries:
0x00007ff607b50000 - 0x00007ff607b84000 	C:\Program Files\Java\jdk1.8.0_25\bin\java.exe
0x00007fff3d450000 - 0x00007fff3d611000 	C:\WINDOWS\SYSTEM32\ntdll.dll
0x00007fff3c760000 - 0x00007fff3c80d000 	C:\WINDOWS\system32\KERNEL32.DLL
0x00007fff3a940000 - 0x00007fff3ab1d000 	C:\WINDOWS\system32\KERNELBASE.dll
0x00007fff3cd40000 - 0x00007fff3cde6000 	C:\WINDOWS\system32\ADVAPI32.dll
0x00007fff3cbd0000 - 0x00007fff3cc6d000 	C:\WINDOWS\system32\msvcrt.dll
0x00007fff3cb70000 - 0x00007fff3cbcb000 	C:\WINDOWS\system32\sechost.dll
0x00007fff3d320000 - 0x00007fff3d446000 	C:\WINDOWS\system32\RPCRT4.dll
0x00007fff3ce00000 - 0x00007fff3cf4e000 	C:\WINDOWS\system32\USER32.dll
0x00007fff3c880000 - 0x00007fff3ca06000 	C:\WINDOWS\system32\GDI32.dll
0x00007fff2fa70000 - 0x00007fff2fce4000 	C:\WINDOWS\WinSxS\amd64_microsoft.windows.common-controls_6595b64144ccf1df_6.0.10240.16384_none_f41f7b285750ef43\COMCTL32.dll
0x00007fff3c670000 - 0x00007fff3c6a6000 	C:\WINDOWS\system32\IMM32.DLL
0x00007fff3ca10000 - 0x00007fff3cb6c000 	C:\WINDOWS\system32\MSCTF.dll
0x0000000064190000 - 0x0000000064262000 	C:\Program Files\Java\jdk1.8.0_25\jre\bin\msvcr100.dll
0x0000000064270000 - 0x0000000064aca000 	C:\Program Files\Java\jdk1.8.0_25\jre\bin\server\jvm.dll
0x00007fff3cdf0000 - 0x00007fff3cdf8000 	C:\WINDOWS\system32\PSAPI.DLL
0x00007fff38100000 - 0x00007fff38123000 	C:\WINDOWS\SYSTEM32\WINMM.dll
0x00007fff35cb0000 - 0x00007fff35cb9000 	C:\WINDOWS\SYSTEM32\WSOCK32.dll
0x00007fff3c810000 - 0x00007fff3c879000 	C:\WINDOWS\system32\WS2_32.dll
0x00007fff38000000 - 0x00007fff3802c000 	C:\WINDOWS\SYSTEM32\WINMMBASE.dll
0x00007fff3cc70000 - 0x00007fff3cc78000 	C:\WINDOWS\system32\NSI.dll
0x00007fff3a8f0000 - 0x00007fff3a934000 	C:\WINDOWS\system32\cfgmgr32.dll
0x00007fff387f0000 - 0x00007fff38817000 	C:\WINDOWS\SYSTEM32\DEVOBJ.dll
0x0000000064140000 - 0x000000006414f000 	C:\Program Files\Java\jdk1.8.0_25\jre\bin\verify.dll
0x0000000064110000 - 0x0000000064138000 	C:\Program Files\Java\jdk1.8.0_25\jre\bin\java.dll
0x00000000640f0000 - 0x0000000064106000 	C:\Program Files\Java\jdk1.8.0_25\jre\bin\zip.dll
0x00007fff3af60000 - 0x00007fff3c482000 	C:\WINDOWS\system32\SHELL32.dll
0x00007fff3a1a0000 - 0x00007fff3a7c9000 	C:\WINDOWS\system32\windows.storage.dll
0x00007fff3cf50000 - 0x00007fff3d1cc000 	C:\WINDOWS\system32\combase.dll
0x00007fff3abe0000 - 0x00007fff3ac31000 	C:\WINDOWS\system32\shlwapi.dll
0x00007fff39ec0000 - 0x00007fff39ecf000 	C:\WINDOWS\system32\kernel.appcore.dll
0x00007fff3a7d0000 - 0x00007fff3a883000 	C:\WINDOWS\system32\shcore.dll
0x00007fff39ed0000 - 0x00007fff39f1a000 	C:\WINDOWS\system32\powrprof.dll
0x00007fff39e80000 - 0x00007fff39e93000 	C:\WINDOWS\system32\profapi.dll
0x0000000063f10000 - 0x00000000640a8000 	C:\Program Files\Java\jdk1.8.0_25\jre\bin\awt.dll
0x00007fff3cc80000 - 0x00007fff3cd3e000 	C:\WINDOWS\system32\OLEAUT32.dll
0x00007fff385d0000 - 0x00007fff38648000 	C:\WINDOWS\system32\apphelp.dll
0x00007fff38750000 - 0x00007fff387e6000 	C:\WINDOWS\system32\uxtheme.dll
0x00007fff37ab0000 - 0x00007fff37ad2000 	C:\WINDOWS\system32\dwmapi.dll
0x00007fff3ae10000 - 0x00007fff3af51000 	C:\WINDOWS\system32\ole32.dll
0x00007fff39ca0000 - 0x00007fff39d0b000 	C:\WINDOWS\SYSTEM32\bcryptPrimitives.dll
0x00007fff1fae0000 - 0x00007fff1fcf0000 	C:\WINDOWS\system32\d3d9.dll
0x00007fff182c0000 - 0x00007fff18d2e000 	C:\WINDOWS\SYSTEM32\igdumdim64.dll
0x00007fff364e0000 - 0x00007fff3693f000 	C:\WINDOWS\SYSTEM32\igdusc64.dll
0x0000000063ec0000 - 0x0000000063f07000 	C:\Program Files\Java\jdk1.8.0_25\jre\bin\fontmanager.dll
0x00000000640d0000 - 0x00000000640ea000 	C:\Program Files\Java\jdk1.8.0_25\jre\bin\net.dll
0x00007fff39690000 - 0x00007fff396ed000 	C:\WINDOWS\system32\mswsock.dll
0x00000000640b0000 - 0x00000000640c1000 	C:\Program Files\Java\jdk1.8.0_25\jre\bin\nio.dll
0x0000000063e70000 - 0x0000000063eb1000 	C:\Program Files\Java\jdk1.8.0_25\jre\bin\t2k.dll
0x00007fff3c6b0000 - 0x00007fff3c755000 	C:\WINDOWS\system32\clbcatq.dll
0x00007fff36250000 - 0x00007fff36402000 	C:\WINDOWS\SYSTEM32\WindowsCodecs.dll
0x00007fff39db0000 - 0x00007fff39dd8000 	C:\WINDOWS\SYSTEM32\bcrypt.dll
0x00007fff396f0000 - 0x00007fff39707000 	C:\WINDOWS\SYSTEM32\cryptsp.dll
0x00007fff39340000 - 0x00007fff39373000 	C:\WINDOWS\system32\rsaenh.dll
0x00007fff39860000 - 0x00007fff3986b000 	C:\WINDOWS\SYSTEM32\CRYPTBASE.dll
0x00007fff2ad90000 - 0x00007fff2add6000 	C:\WINDOWS\system32\dataexchange.dll
0x00007fff32480000 - 0x00007fff329c5000 	C:\WINDOWS\system32\d2d1.dll
0x00007fff37800000 - 0x00007fff37aa3000 	C:\WINDOWS\system32\d3d11.dll
0x00007fff38160000 - 0x00007fff38231000 	C:\WINDOWS\system32\dcomp.dll
0x00007fff37760000 - 0x00007fff377fc000 	C:\WINDOWS\system32\dxgi.dll
0x00007fff38840000 - 0x00007fff3892e000 	C:\WINDOWS\system32\twinapi.appcore.dll
0x00007fff39430000 - 0x00007fff3944f000 	C:\WINDOWS\system32\USERENV.dll
0x0000000062930000 - 0x0000000062953000 	C:\Program Files\Java\jdk1.8.0_25\jre\bin\instrument.dll
0x00007fff37f00000 - 0x00007fff37f0f000 	C:\Users\Enamul\AppData\Roaming\NetBeans\8.0.2\lib\deployed\jdk16\windows-amd64\profilerinterface.dll
0x0000000063e60000 - 0x0000000063e6d000 	C:\Program Files\Java\jdk1.8.0_25\jre\bin\management.dll
0x00007fff341e0000 - 0x00007fff34218000 	C:\WINDOWS\SYSTEM32\IPHLPAPI.DLL
0x00007fff341d0000 - 0x00007fff341db000 	C:\WINDOWS\SYSTEM32\WINNSI.DLL
0x00007fff33dd0000 - 0x00007fff33de6000 	C:\WINDOWS\SYSTEM32\dhcpcsvc6.DLL
0x00007fff33f40000 - 0x00007fff33f5a000 	C:\WINDOWS\SYSTEM32\dhcpcsvc.DLL
0x00007fff39490000 - 0x00007fff39538000 	C:\WINDOWS\SYSTEM32\DNSAPI.dll
0x00007fff2ffe0000 - 0x00007fff2ffea000 	C:\Windows\System32\rasadhlp.dll
0x00007fff34060000 - 0x00007fff340c8000 	C:\WINDOWS\System32\fwpuclnt.dll
0x00007fff2fff0000 - 0x00007fff3009a000 	C:\WINDOWS\WinSxS\amd64_microsoft.windows.common-controls_6595b64144ccf1df_5.82.10240.16384_none_0212ec7eba871e86\comctl32.dll
0x00007fff19460000 - 0x00007fff195ea000 	C:\WINDOWS\SYSTEM32\dbghelp.dll

VM Arguments:
jvm_args: -Dfile.encoding=UTF-8 
java_command: contest.Judging
java_class_path (initial): C:\Program Files\NetBeans 8.0.2\ide\modules\ext\mysql-connector-java-5.1.23-bin.jar;H:\Dropbox\JavaProjects\CodeforcesAPI\commons-codec-1.10\commons-codec-1.10-javadoc.jar;H:\Dropbox\JavaProjects\CodeforcesAPI\commons-codec-1.10\commons-codec-1.10-sources.jar;H:\Dropbox\JavaProjects\CodeforcesAPI\commons-codec-1.10\commons-codec-1.10-test-sources.jar;H:\Dropbox\JavaProjects\CodeforcesAPI\commons-codec-1.10\commons-codec-1.10-tests.jar;H:\Dropbox\JavaProjects\CodeforcesAPI\commons-codec-1.10\commons-codec-1.10.jar;H:\Dropbox\JavaProjects\SelfContest\build\classes
Launcher Type: SUN_STANDARD

Environment Variables:
JAVA_HOME=C:\Program Files\Java\jdk1.8.0_25
CLASSPATH=.;.;C:\PROGRA~2\JMF21~1.1E\lib\sound.jar;C:\PROGRA~2\JMF21~1.1E\lib\jmf.jar;C:\PROGRA~2\JMF21~1.1E\lib;C:\Program Files (x86)\JMF2.1.1e\lib\sound.jar;C:\Program Files (x86)\JMF2.1.1e\lib\jmf.jar;C:\Program Files (x86)\JMF2.1.1e\lib;%CATALINA_HOME%\lib\servlet-api.jar
PATH=C:\Python27\Lib\site-packages\PyQt4;C:\GnuWin32\bin;C:\ProgramData\Oracle\Java\javapath;C:\Windows\system32;C:\Windows;C:\Windows\System32\Wbem;C:\Windows\System32\WindowsPowerShell\v1.0\;E:\pc2-9.2.4-2837\pc2-9.2.4\bin;C:\Program Files (x86)\CodeBlocks\MinGW\bin;C:\Program Files\Java\jdk1.8.0_25\bin;F:\3-2\CSE_374\glut-3.7.6-bin\lib;F:\3-2\CSE_374\glsdk_0_5_2\freeglut;C:\Program Files (x86)\MySQL\MySQL Server 5.1\bin;C:\Python34;C:\Program Files\apache-maven-3.3.1\bin;C:\Program Files (x86)\MiKTeX 2.9\miktex\bin\;D:\Program Files\MATLAB\R2015a\bin;C:\WINDOWS\system32;C:\WINDOWS;C:\WINDOWS\System32\Wbem;C:\WINDOWS\System32\WindowsPowerShell\v1.0\;C:\Program Files (x86)\Common Files\lenovo\easyplussdk\bin;C:\Program Files (x86)\Skype\Phone\;C:\Python27;C:\Python27\DLLs;C:\Python27\Scripts;C:\Python27\gnuplot\binary;C:\Program Files (x86)\pythonxy\SciTE-3.5.1-4;C:\Program Files (x86)\pythonxy\console
USERNAME=Enamul
OS=Windows_NT
PROCESSOR_IDENTIFIER=Intel64 Family 6 Model 58 Stepping 9, GenuineIntel



---------------  S Y S T E M  ---------------

OS: Windows 8.1 , 64 bit Build 9600 

CPU:total 4 (2 cores per cpu, 2 threads per core) family 6 model 58 stepping 9, cmov, cx8, fxsr, mmx, sse, sse2, sse3, ssse3, sse4.1, sse4.2, popcnt, avx, aes, clmul, erms, ht, tsc, tscinvbit, tscinv

Memory: 4k page, physical 6135200k(1683068k free), swap 10329504k(3395504k free)

vm_info: Java HotSpot(TM) 64-Bit Server VM (25.25-b02) for windows-amd64 JRE (1.8.0_25-b18), built on Oct  7 2014 14:25:37 by "java_re" with MS VC++ 10.0 (VS2010)

time: Tue Sep 08 23:33:50 2015
elapsed time: 1043 seconds (0d 0h 17m 23s)

